scripts/kconfig/conf  --syncconfig Kconfig
  UPD     include/config/kernel.release
  UPD     include/generated/utsrelease.h
  CALL    scripts/atomic/check-atomics.sh
  CALL    scripts/checksyscalls.sh
  CC      arch/arm64/kernel/vdso/vgettimeofday.o
  LD      arch/arm64/kernel/vdso/vdso.so.dbg
  VDSOSYM include/generated/vdso-offsets.h
  CHK     include/generated/compile.h
  CC      init/version.o
  CC      arch/arm64/kernel/signal.o
  CC      kernel/sys.o
  AR      init/built-in.a
  CC      arch/arm64/kernel/vdso.o
  CC      arch/arm64/kernel/signal32.o
  OBJCOPY arch/arm64/kernel/vdso/vdso.so
  AS      arch/arm64/kernel/vdso/vdso.o
  AR      arch/arm64/kernel/vdso/built-in.a
  AR      arch/arm64/kernel/built-in.a
  CC      kernel/module.o
  AR      arch/arm64/built-in.a
  CC      drivers/base/firmware_loader/main.o
  AR      kernel/built-in.a
  AR      drivers/base/firmware_loader/built-in.a
  AR      drivers/base/built-in.a
  CC      drivers/mxc/hantro/hantrodec.o
  AR      drivers/mxc/hantro/built-in.a
  AR      drivers/mxc/built-in.a
  AR      drivers/built-in.a
  GEN     .version
  CHK     include/generated/compile.h
  UPD     include/generated/compile.h
  CC      init/version.o
  AR      init/built-in.a
  LD      vmlinux.o
  MODPOST vmlinux.o
  MODINFO modules.builtin.modinfo
  LD      .tmp_vmlinux.kallsyms1
  KSYM    .tmp_vmlinux.kallsyms1.o
  LD      .tmp_vmlinux.kallsyms2
  KSYM    .tmp_vmlinux.kallsyms2.o
  LD      vmlinux
  SORTEX  vmlinux
  SYSMAP  System.map
  OBJCOPY arch/arm64/boot/Image
  GZIP    arch/arm64/boot/Image.gz
